<?xml version="1.0" encoding="UTF-8"?>
<testsuite name="demo.ApplicationTest" tests="1" skipped="0" failures="0" errors="0" timestamp="2020-10-19T13:18:03" hostname="yxl" time="0.845">
  <properties/>
  <testcase name="testredis" classname="demo.ApplicationTest" time="0.845"/>
  <system-out><![CDATA[21:18:01.501 [Test worker] DEBUG org.springframework.test.context.junit4.SpringJUnit4ClassRunner - SpringJUnit4ClassRunner constructor called with [class demo.ApplicationTest]
21:18:01.506 [Test worker] DEBUG org.springframework.test.context.BootstrapUtils - Instantiating CacheAwareContextLoaderDelegate from class [org.springframework.test.context.cache.DefaultCacheAwareContextLoaderDelegate]
21:18:01.511 [Test worker] DEBUG org.springframework.test.context.BootstrapUtils - Instantiating BootstrapContext using constructor [public org.springframework.test.context.support.DefaultBootstrapContext(java.lang.Class,org.springframework.test.context.CacheAwareContextLoaderDelegate)]
21:18:01.540 [Test worker] DEBUG org.springframework.test.context.BootstrapUtils - Instantiating TestContextBootstrapper for test class [demo.ApplicationTest] from class [org.springframework.boot.test.context.SpringBootTestContextBootstrapper]
21:18:01.552 [Test worker] INFO org.springframework.boot.test.context.SpringBootTestContextBootstrapper - Neither @ContextConfiguration nor @ContextHierarchy found for test class [demo.ApplicationTest], using SpringBootContextLoader
21:18:01.554 [Test worker] DEBUG org.springframework.test.context.support.AbstractContextLoader - Did not detect default resource location for test class [demo.ApplicationTest]: class path resource [demo/ApplicationTest-context.xml] does not exist
21:18:01.555 [Test worker] DEBUG org.springframework.test.context.support.AbstractContextLoader - Did not detect default resource location for test class [demo.ApplicationTest]: class path resource [demo/ApplicationTestContext.groovy] does not exist
21:18:01.556 [Test worker] INFO org.springframework.test.context.support.AbstractContextLoader - Could not detect default resource locations for test class [demo.ApplicationTest]: no resource found for suffixes {-context.xml, Context.groovy}.
21:18:01.587 [Test worker] DEBUG org.springframework.test.context.support.ActiveProfilesUtils - Could not find an 'annotation declaring class' for annotation type [org.springframework.test.context.ActiveProfiles] and class [demo.ApplicationTest]
21:18:01.675 [Test worker] DEBUG org.springframework.boot.test.context.SpringBootTestContextBootstrapper - @TestExecutionListeners is not present for class [demo.ApplicationTest]: using defaults.
21:18:01.676 [Test worker] INFO org.springframework.boot.test.context.SpringBootTestContextBootstrapper - Loaded default TestExecutionListener class names from location [META-INF/spring.factories]: [org.springframework.boot.test.autoconfigure.restdocs.RestDocsTestExecutionListener, org.springframework.boot.test.autoconfigure.web.client.MockRestServiceServerResetTestExecutionListener, org.springframework.boot.test.autoconfigure.web.servlet.MockMvcPrintOnlyOnFailureTestExecutionListener, org.springframework.boot.test.autoconfigure.web.servlet.WebDriverTestExecutionListener, org.springframework.boot.test.autoconfigure.webservices.client.MockWebServiceServerTestExecutionListener, org.springframework.boot.test.mock.mockito.MockitoTestExecutionListener, org.springframework.boot.test.mock.mockito.ResetMocksTestExecutionListener, org.springframework.test.context.web.ServletTestExecutionListener, org.springframework.test.context.support.DirtiesContextBeforeModesTestExecutionListener, org.springframework.test.context.support.DependencyInjectionTestExecutionListener, org.springframework.test.context.support.DirtiesContextTestExecutionListener, org.springframework.test.context.transaction.TransactionalTestExecutionListener, org.springframework.test.context.jdbc.SqlScriptsTestExecutionListener, org.springframework.test.context.event.EventPublishingTestExecutionListener]
21:18:01.687 [Test worker] INFO org.springframework.boot.test.context.SpringBootTestContextBootstrapper - Using TestExecutionListeners: [org.springframework.test.context.web.ServletTestExecutionListener@77233921, org.springframework.test.context.support.DirtiesContextBeforeModesTestExecutionListener@43c81ca1, org.springframework.boot.test.mock.mockito.MockitoTestExecutionListener@1db3a718, org.springframework.boot.test.autoconfigure.SpringBootDependencyInjectionTestExecutionListener@2d86789, org.springframework.test.context.support.DirtiesContextTestExecutionListener@6c5cbcc2, org.springframework.test.context.transaction.TransactionalTestExecutionListener@6f7288fc, org.springframework.test.context.jdbc.SqlScriptsTestExecutionListener@6f79696d, org.springframework.test.context.event.EventPublishingTestExecutionListener@2e5cbf24, org.springframework.boot.test.autoconfigure.restdocs.RestDocsTestExecutionListener@276fac81, org.springframework.boot.test.autoconfigure.web.client.MockRestServiceServerResetTestExecutionListener@5ca1e5f8, org.springframework.boot.test.autoconfigure.web.servlet.MockMvcPrintOnlyOnFailureTestExecutionListener@78b7dd00, org.springframework.boot.test.autoconfigure.web.servlet.WebDriverTestExecutionListener@33d9e8ad, org.springframework.boot.test.autoconfigure.webservices.client.MockWebServiceServerTestExecutionListener@690851f3, org.springframework.boot.test.mock.mockito.ResetMocksTestExecutionListener@3ad5f70f]
21:18:01.689 [Test worker] DEBUG org.springframework.test.annotation.ProfileValueUtils - Retrieved @ProfileValueSourceConfiguration [null] for test class [demo.ApplicationTest]
21:18:01.690 [Test worker] DEBUG org.springframework.test.annotation.ProfileValueUtils - Retrieved ProfileValueSource type [class org.springframework.test.annotation.SystemProfileValueSource] for class [demo.ApplicationTest]
21:18:01.692 [Test worker] DEBUG org.springframework.test.annotation.ProfileValueUtils - Retrieved @ProfileValueSourceConfiguration [null] for test class [demo.ApplicationTest]
21:18:01.692 [Test worker] DEBUG org.springframework.test.annotation.ProfileValueUtils - Retrieved ProfileValueSource type [class org.springframework.test.annotation.SystemProfileValueSource] for class [demo.ApplicationTest]
21:18:01.694 [Test worker] DEBUG org.springframework.test.annotation.ProfileValueUtils - Retrieved @ProfileValueSourceConfiguration [null] for test class [demo.ApplicationTest]
21:18:01.694 [Test worker] DEBUG org.springframework.test.annotation.ProfileValueUtils - Retrieved ProfileValueSource type [class org.springframework.test.annotation.SystemProfileValueSource] for class [demo.ApplicationTest]
21:18:01.696 [Test worker] DEBUG org.springframework.test.annotation.ProfileValueUtils - Retrieved @ProfileValueSourceConfiguration [null] for test class [demo.ApplicationTest]
21:18:01.697 [Test worker] DEBUG org.springframework.test.annotation.ProfileValueUtils - Retrieved ProfileValueSource type [class org.springframework.test.annotation.SystemProfileValueSource] for class [demo.ApplicationTest]
21:18:01.697 [Test worker] DEBUG org.springframework.test.annotation.ProfileValueUtils - Retrieved @ProfileValueSourceConfiguration [null] for test class [demo.ApplicationTest]
21:18:01.697 [Test worker] DEBUG org.springframework.test.annotation.ProfileValueUtils - Retrieved ProfileValueSource type [class org.springframework.test.annotation.SystemProfileValueSource] for class [demo.ApplicationTest]
21:18:01.701 [Test worker] DEBUG org.springframework.test.context.support.AbstractDirtiesContextTestExecutionListener - Before test class: context [DefaultTestContext@7a5ecd7e testClass = ApplicationTest, testInstance = [null], testMethod = [null], testException = [null], mergedContextConfiguration = [WebMergedContextConfiguration@561cecf8 testClass = ApplicationTest, locations = '{}', classes = '{class demo.Application, class demo.Application}', contextInitializerClasses = '[]', activeProfiles = '{}', propertySourceLocations = '{}', propertySourceProperties = '{org.springframework.boot.test.context.SpringBootTestContextBootstrapper=true}', contextCustomizers = set[org.springframework.boot.test.autoconfigure.properties.PropertyMappingContextCustomizer@0, org.springframework.boot.test.autoconfigure.web.servlet.WebDriverContextCustomizerFactory$Customizer@6701076, org.springframework.boot.test.context.filter.ExcludeFilterContextCustomizer@658e30ec, org.springframework.boot.test.json.DuplicateJsonObjectContextCustomizerFactory$DuplicateJsonObjectContextCustomizer@75d131c2, org.springframework.boot.test.mock.mockito.MockitoContextCustomizer@0, org.springframework.boot.test.web.client.TestRestTemplateContextCustomizer@67c47f09, org.springframework.boot.test.context.SpringBootTestArgs@1], resourceBasePath = 'src/main/webapp', contextLoader = 'org.springframework.boot.test.context.SpringBootContextLoader', parent = [null]], attributes = map['org.springframework.test.context.web.ServletTestExecutionListener.activateListener' -> true]], class annotated with @DirtiesContext [false] with mode [null].
21:18:01.702 [Test worker] DEBUG org.springframework.test.annotation.ProfileValueUtils - Retrieved @ProfileValueSourceConfiguration [null] for test class [demo.ApplicationTest]
21:18:01.703 [Test worker] DEBUG org.springframework.test.annotation.ProfileValueUtils - Retrieved ProfileValueSource type [class org.springframework.test.annotation.SystemProfileValueSource] for class [demo.ApplicationTest]
21:18:01.726 [Test worker] DEBUG org.springframework.test.context.support.TestPropertySourceUtils - Adding inlined properties to environment: {spring.jmx.enabled=false, org.springframework.boot.test.context.SpringBootTestContextBootstrapper=true}

  .   ____          _            __ _ _
 /\\ / ___'_ __ _ _(_)_ __  __ _ \ \ \ \
( ( )\___ | '_ | '_| | '_ \/ _` | \ \ \ \
 \\/  ___)| |_)| | | | | || (_| |  ) ) ) )
  '  |____| .__|_| |_|_| |_\__, | / / / /
 =========|_|==============|___/=/_/_/_/
 :: Spring Boot ::        (v2.3.1.RELEASE)

2020-10-19 21:18:01.941  INFO 46806 --- [    Test worker] demo.ApplicationTest                     : Starting ApplicationTest on yxl with PID 46806 (started by yxl in /home/yxl/IdeaProjects/first-gradle/spring-boot-web)
2020-10-19 21:18:01.942  INFO 46806 --- [    Test worker] demo.ApplicationTest                     : The following profiles are active: dev
2020-10-19 21:18:02.382  INFO 46806 --- [    Test worker] .s.d.r.c.RepositoryConfigurationDelegate : Multiple Spring Data modules found, entering strict repository configuration mode!
2020-10-19 21:18:02.384  INFO 46806 --- [    Test worker] .s.d.r.c.RepositoryConfigurationDelegate : Bootstrapping Spring Data Redis repositories in DEFAULT mode.
2020-10-19 21:18:02.404  INFO 46806 --- [    Test worker] .s.d.r.c.RepositoryConfigurationDelegate : Finished Spring Data repository scanning in 10ms. Found 0 Redis repository interfaces.
2020-10-19 21:18:03.463  INFO 46806 --- [    Test worker] o.s.s.concurrent.ThreadPoolTaskExecutor  : Initializing ExecutorService 'applicationTaskExecutor'
2020-10-19 21:18:03.786  INFO 46806 --- [    Test worker] demo.ApplicationTest                     : Started ApplicationTest in 2.055 seconds (JVM running for 2.672)
2020-10-19 21:18:03.915  INFO 46806 --- [    Test worker] com.zaxxer.hikari.HikariDataSource       : HikariPool-1 - Starting...
2020-10-19 21:18:04.259  INFO 46806 --- [    Test worker] com.zaxxer.hikari.HikariDataSource       : HikariPool-1 - Start completed.
]]></system-out>
  <system-err><![CDATA[]]></system-err>
</testsuite>
